[debug] [2022-11-29T04:11:01.417Z] ----------------------------------------------------------------------
[debug] [2022-11-29T04:11:01.419Z] Command:       C:\Program Files\nodejs\node.exe C:\Users\yuvan\AppData\Roaming\npm\node_modules\firebase-tools\lib\bin\firebase.js init
[debug] [2022-11-29T04:11:01.419Z] CLI Version:   11.16.1
[debug] [2022-11-29T04:11:01.419Z] Platform:      win32
[debug] [2022-11-29T04:11:01.419Z] Node Version:  v18.12.0
[debug] [2022-11-29T04:11:01.420Z] Time:          Tue Nov 29 2022 09:41:01 GMT+0530 (India Standard Time)
[debug] [2022-11-29T04:11:01.421Z] ----------------------------------------------------------------------
[debug] 
[debug] [2022-11-29T04:11:01.427Z] > command requires scopes: ["email","openid","https://www.googleapis.com/auth/cloudplatformprojects.readonly","https://www.googleapis.com/auth/firebase","https://www.googleapis.com/auth/cloud-platform"]
[debug] [2022-11-29T04:11:01.427Z] > authorizing via signed-in user (yuvanthv1029@gmail.com)
[info] 
     ######## #### ########  ######## ########     ###     ######  ########
     ##        ##  ##     ## ##       ##     ##  ##   ##  ##       ##
     ######    ##  ########  ######   ########  #########  ######  ######
     ##        ##  ##    ##  ##       ##     ## ##     ##       ## ##
     ##       #### ##     ## ######## ########  ##     ##  ######  ########

You're about to initialize a Firebase project in this directory:

  C:\Users\yuvan\Downloads\Blood-Buddy-main\Blood-Buddy-main

[info] 
=== Project Setup
[info] 
[info] First, let's associate this project directory with a Firebase project.
[info] You can create multiple project aliases by running firebase use --add, 
[info] but for now we'll just set up a default project.
[info] 
[debug] [2022-11-29T04:11:17.813Z] >>> [apiv2][query] GET https://firebase.googleapis.com/v1beta1/projects pageSize=100
[debug] [2022-11-29T04:11:19.050Z] <<< [apiv2][status] GET https://firebase.googleapis.com/v1beta1/projects 200
[debug] [2022-11-29T04:11:19.050Z] <<< [apiv2][body] GET https://firebase.googleapis.com/v1beta1/projects [omitted]
[info] i  Using project blood-donation-2f379 (Blood Donation) 
[info] 
=== Hosting Setup
[info] 
[info] Your public directory is the folder (relative to your project directory) that
[info] will contain Hosting assets to be uploaded with firebase deploy. If you
[info] have a build process for your assets, use your build's output directory.
[info] 
[info] +  Wrote y/404.html 
[debug] [2022-11-29T04:14:05.772Z] >>> [apiv2][query] GET https://www.gstatic.com/firebasejs/releases.json [none]
[debug] [2022-11-29T04:14:06.030Z] <<< [apiv2][status] GET https://www.gstatic.com/firebasejs/releases.json 200
[debug] [2022-11-29T04:14:06.030Z] <<< [apiv2][body] GET https://www.gstatic.com/firebasejs/releases.json {"current":{"version":"9.14.0","browserURL":"https://www.gstatic.com/firebasejs/9.14.0/firebase.js","packageURL":"https://www.gstatic.com/firebasejs/9.14.0/firebase.tgz"},"live":{"version":"9.14","browserURL":"https://www.gstatic.com/firebasejs/live/9.14/firebase.js","packageURL":"https://www.gstatic.com/firebasejs/live/9.14/firebase.tgz"},"components":{"analytics":"https://www.gstatic.com/firebasejs/9.14.0/firebase-analytics.js","app":"https://www.gstatic.com/firebasejs/9.14.0/firebase-app.js","app-check":"https://www.gstatic.com/firebasejs/9.14.0/firebase-app-check.js","auth":"https://www.gstatic.com/firebasejs/9.14.0/firebase-auth.js","auth/cordova":"https://www.gstatic.com/firebasejs/9.14.0/firebase-auth/cordova.js","auth/react-native":"https://www.gstatic.com/firebasejs/9.14.0/firebase-auth/react-native.js","functions":"https://www.gstatic.com/firebasejs/9.14.0/firebase-functions.js","firestore":"https://www.gstatic.com/firebasejs/9.14.0/firebase-firestore.js","firestore/lite":"https://www.gstatic.com/firebasejs/9.14.0/firebase-firestore/lite.js","installations":"https://www.gstatic.com/firebasejs/9.14.0/firebase-installations.js","storage":"https://www.gstatic.com/firebasejs/9.14.0/firebase-storage.js","performance":"https://www.gstatic.com/firebasejs/9.14.0/firebase-performance.js","remote-config":"https://www.gstatic.com/firebasejs/9.14.0/firebase-remote-config.js","messaging":"https://www.gstatic.com/firebasejs/9.14.0/firebase-messaging.js","messaging/sw":"https://www.gstatic.com/firebasejs/9.14.0/firebase-messaging/sw.js","database":"https://www.gstatic.com/firebasejs/9.14.0/firebase-database.js","firestore.memory":"https://www.gstatic.com/firebasejs/9.14.0/firebase-firestore.memory.js"}}
[info] +  Wrote y/index.html 
[info] 
[info] i  Didn't detect a .git folder. Assuming C:\Users\yuvan\Downloads\Blood-Buddy-main\Blood-Buddy-main is the project root. 
[info] i  Authorizing with GitHub to upload your service account to a GitHub repository's secrets store. 
[info] 
[info] Visit this URL on this device to log in:
[info] https://github.com/login/oauth/authorize?client_id=89cf50f02ac6aaed3484&state=696109861&redirect_uri=http%3A%2F%2Flocalhost%3A9005&scope=read%3Auser%20repo%20public_repo
[info] 
[info] Waiting for authentication...
[debug] [2022-11-29T04:14:23.972Z] >>> [apiv2][query] POST https://github.com/login/oauth/access_token [none]
[debug] [2022-11-29T04:14:23.972Z] >>> [apiv2][body] POST https://github.com/login/oauth/access_token [stream]
[debug] [2022-11-29T04:14:24.595Z] <<< [apiv2][status] POST https://github.com/login/oauth/access_token 200
[debug] [2022-11-29T04:14:24.596Z] <<< [apiv2][body] POST https://github.com/login/oauth/access_token {"access_token":"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","token_type":"bearer","scope":"read:user,repo"}
[debug] [2022-11-29T04:14:24.605Z] >>> [apiv2][query] GET https://api.github.com/user [none]
[debug] [2022-11-29T04:14:25.141Z] <<< [apiv2][status] GET https://api.github.com/user 200
[debug] [2022-11-29T04:14:25.141Z] <<< [apiv2][body] GET https://api.github.com/user {"login":"YuvanthV29","id":98256631,"node_id":"U_kgDOBdtG9w","avatar_url":"https://avatars.githubusercontent.com/u/98256631?v=4","gravatar_id":"","url":"https://api.github.com/users/YuvanthV29","html_url":"https://github.com/YuvanthV29","followers_url":"https://api.github.com/users/YuvanthV29/followers","following_url":"https://api.github.com/users/YuvanthV29/following{/other_user}","gists_url":"https://api.github.com/users/YuvanthV29/gists{/gist_id}","starred_url":"https://api.github.com/users/YuvanthV29/starred{/owner}{/repo}","subscriptions_url":"https://api.github.com/users/YuvanthV29/subscriptions","organizations_url":"https://api.github.com/users/YuvanthV29/orgs","repos_url":"https://api.github.com/users/YuvanthV29/repos","events_url":"https://api.github.com/users/YuvanthV29/events{/privacy}","received_events_url":"https://api.github.com/users/YuvanthV29/received_events","type":"User","site_admin":false,"name":null,"company":null,"blog":"","location":null,"email":null,"hireable":null,"bio":null,"twitter_username":null,"public_repos":9,"public_gists":0,"followers":0,"following":0,"created_at":"2022-01-23T09:19:55Z","updated_at":"2022-11-29T03:19:55Z","private_gists":0,"total_private_repos":0,"owned_private_repos":0,"disk_usage":85998,"collaborators":0,"two_factor_authentication":false,"plan":{"name":"free","space":976562499,"collaborators":0,"private_repos":10000}}
[info] 
[info] +  Success! Logged into GitHub as YuvanthV29 
[info] 
[debug] [2022-11-29T04:14:35.266Z] >>> [apiv2][query] GET https://api.github.com/repos//actions/secrets/public-key type=owner
[debug] [2022-11-29T04:14:35.745Z] <<< [apiv2][status] GET https://api.github.com/repos//actions/secrets/public-key 404
[debug] [2022-11-29T04:14:35.745Z] <<< [apiv2][body] GET https://api.github.com/repos//actions/secrets/public-key {"message":"Not Found","documentation_url":"https://docs.github.com/rest"}
[debug] [2022-11-29T04:14:56.947Z] >>> [apiv2][query] GET https://api.github.com/repos/Blood Donation/actions/secrets/public-key type=owner
[debug] [2022-11-29T04:14:57.462Z] <<< [apiv2][status] GET https://api.github.com/repos/Blood Donation/actions/secrets/public-key 404
[debug] [2022-11-29T04:14:57.463Z] <<< [apiv2][body] GET https://api.github.com/repos/Blood Donation/actions/secrets/public-key {"message":"Not Found","documentation_url":"https://docs.github.com/rest"}
[debug] [2022-11-29T04:14:58.623Z] >>> [apiv2][query] GET https://api.github.com/repos/Blood Donation/actions/secrets/public-key type=owner
[debug] [2022-11-29T04:14:59.072Z] <<< [apiv2][status] GET https://api.github.com/repos/Blood Donation/actions/secrets/public-key 404
[debug] [2022-11-29T04:14:59.072Z] <<< [apiv2][body] GET https://api.github.com/repos/Blood Donation/actions/secrets/public-key {"message":"Not Found","documentation_url":"https://docs.github.com/rest"}
[debug] [2022-11-29T04:15:02.433Z] >>> [apiv2][query] GET https://api.github.com/repos/yes/actions/secrets/public-key type=owner
[debug] [2022-11-29T04:15:02.993Z] <<< [apiv2][status] GET https://api.github.com/repos/yes/actions/secrets/public-key 404
[debug] [2022-11-29T04:15:02.993Z] <<< [apiv2][body] GET https://api.github.com/repos/yes/actions/secrets/public-key {"message":"Not Found","documentation_url":"https://docs.github.com/rest"}
[debug] [2022-11-29T04:15:03.094Z] >>> [apiv2][query] GET https://api.github.com/repos/yes/actions/secrets/public-key type=owner
[debug] [2022-11-29T04:15:03.262Z] >>> [apiv2][query] GET https://api.github.com/repos//actions/secrets/public-key type=owner
[debug] [2022-11-29T04:15:03.458Z] >>> [apiv2][query] GET https://api.github.com/repos//actions/secrets/public-key type=owner
[debug] [2022-11-29T04:15:03.560Z] <<< [apiv2][status] GET https://api.github.com/repos/yes/actions/secrets/public-key 404
[debug] [2022-11-29T04:15:03.560Z] <<< [apiv2][body] GET https://api.github.com/repos/yes/actions/secrets/public-key {"message":"Not Found","documentation_url":"https://docs.github.com/rest"}
[debug] [2022-11-29T04:15:03.724Z] <<< [apiv2][status] GET https://api.github.com/repos//actions/secrets/public-key 404
[debug] [2022-11-29T04:15:03.724Z] <<< [apiv2][body] GET https://api.github.com/repos//actions/secrets/public-key {"message":"Not Found","documentation_url":"https://docs.github.com/rest"}
[debug] [2022-11-29T04:15:03.915Z] <<< [apiv2][status] GET https://api.github.com/repos//actions/secrets/public-key 404
[debug] [2022-11-29T04:15:03.916Z] <<< [apiv2][body] GET https://api.github.com/repos//actions/secrets/public-key {"message":"Not Found","documentation_url":"https://docs.github.com/rest"}
[debug] [2022-11-29T04:15:04.610Z] >>> [apiv2][query] GET https://api.github.com/repos/ye/actions/secrets/public-key type=owner
[debug] [2022-11-29T04:15:05.054Z] <<< [apiv2][status] GET https://api.github.com/repos/ye/actions/secrets/public-key 404
[debug] [2022-11-29T04:15:05.054Z] <<< [apiv2][body] GET https://api.github.com/repos/ye/actions/secrets/public-key {"message":"Not Found","documentation_url":"https://docs.github.com/rest"}
[debug] [2022-11-29T04:15:05.845Z] >>> [apiv2][query] GET https://api.github.com/repos/y/actions/secrets/public-key type=owner
[debug] [2022-11-29T04:15:06.066Z] >>> [apiv2][query] GET https://api.github.com/repos//actions/secrets/public-key type=owner
[debug] [2022-11-29T04:15:06.261Z] >>> [apiv2][query] GET https://api.github.com/repos//actions/secrets/public-key type=owner
[debug] [2022-11-29T04:15:06.449Z] >>> [apiv2][query] GET https://api.github.com/repos//actions/secrets/public-key type=owner
[debug] [2022-11-29T04:15:06.462Z] <<< [apiv2][status] GET https://api.github.com/repos/y/actions/secrets/public-key 404
[debug] [2022-11-29T04:15:06.462Z] <<< [apiv2][body] GET https://api.github.com/repos/y/actions/secrets/public-key {"message":"Not Found","documentation_url":"https://docs.github.com/rest"}
[debug] [2022-11-29T04:15:06.669Z] <<< [apiv2][status] GET https://api.github.com/repos//actions/secrets/public-key 404
[debug] [2022-11-29T04:15:06.670Z] <<< [apiv2][body] GET https://api.github.com/repos//actions/secrets/public-key {"message":"Not Found","documentation_url":"https://docs.github.com/rest"}
[debug] [2022-11-29T04:15:06.765Z] <<< [apiv2][status] GET https://api.github.com/repos//actions/secrets/public-key 404
[debug] [2022-11-29T04:15:06.766Z] <<< [apiv2][body] GET https://api.github.com/repos//actions/secrets/public-key {"message":"Not Found","documentation_url":"https://docs.github.com/rest"}
[debug] [2022-11-29T04:15:06.902Z] <<< [apiv2][status] GET https://api.github.com/repos//actions/secrets/public-key 404
[debug] [2022-11-29T04:15:06.902Z] <<< [apiv2][body] GET https://api.github.com/repos//actions/secrets/public-key {"message":"Not Found","documentation_url":"https://docs.github.com/rest"}
[debug] [2022-11-29T04:15:12.695Z] >>> [apiv2][query] GET https://api.github.com/repos/user/Blood Donation/actions/secrets/public-key type=owner
[debug] [2022-11-29T04:15:13.234Z] <<< [apiv2][status] GET https://api.github.com/repos/user/Blood Donation/actions/secrets/public-key 404
[debug] [2022-11-29T04:15:13.234Z] <<< [apiv2][body] GET https://api.github.com/repos/user/Blood Donation/actions/secrets/public-key {"message":"Not Found","documentation_url":"https://docs.github.com/rest/reference/actions#get-a-repository-public-key"}
[debug] [2022-11-29T04:15:15.346Z] >>> [apiv2][query] GET https://api.github.com/repos/user/Blood Donation /actions/secrets/public-key type=owner
[debug] [2022-11-29T04:15:15.731Z] >>> [apiv2][query] GET https://api.github.com/repos//actions/secrets/public-key type=owner
[debug] [2022-11-29T04:15:15.809Z] <<< [apiv2][status] GET https://api.github.com/repos/user/Blood Donation /actions/secrets/public-key 404
[debug] [2022-11-29T04:15:15.809Z] <<< [apiv2][body] GET https://api.github.com/repos/user/Blood Donation /actions/secrets/public-key {"message":"Not Found","documentation_url":"https://docs.github.com/rest/reference/actions#get-a-repository-public-key"}
[debug] [2022-11-29T04:15:15.903Z] >>> [apiv2][query] GET https://api.github.com/repos/user/Blood Donation /actions/secrets/public-key type=owner
[debug] [2022-11-29T04:15:16.075Z] >>> [apiv2][query] GET https://api.github.com/repos//actions/secrets/public-key type=owner
[debug] [2022-11-29T04:15:16.177Z] <<< [apiv2][status] GET https://api.github.com/repos//actions/secrets/public-key 404
[debug] [2022-11-29T04:15:16.177Z] <<< [apiv2][body] GET https://api.github.com/repos//actions/secrets/public-key {"message":"Not Found","documentation_url":"https://docs.github.com/rest"}
[debug] [2022-11-29T04:15:16.231Z] >>> [apiv2][query] GET https://api.github.com/repos//actions/secrets/public-key type=owner
[debug] [2022-11-29T04:15:16.381Z] <<< [apiv2][status] GET https://api.github.com/repos/user/Blood Donation /actions/secrets/public-key 404
[debug] [2022-11-29T04:15:16.381Z] <<< [apiv2][body] GET https://api.github.com/repos/user/Blood Donation /actions/secrets/public-key {"message":"Not Found","documentation_url":"https://docs.github.com/rest/reference/actions#get-a-repository-public-key"}
[debug] [2022-11-29T04:15:16.526Z] <<< [apiv2][status] GET https://api.github.com/repos//actions/secrets/public-key 404
[debug] [2022-11-29T04:15:16.527Z] <<< [apiv2][body] GET https://api.github.com/repos//actions/secrets/public-key {"message":"Not Found","documentation_url":"https://docs.github.com/rest"}
[debug] [2022-11-29T04:15:16.698Z] <<< [apiv2][status] GET https://api.github.com/repos//actions/secrets/public-key 404
[debug] [2022-11-29T04:15:16.698Z] <<< [apiv2][body] GET https://api.github.com/repos//actions/secrets/public-key {"message":"Not Found","documentation_url":"https://docs.github.com/rest"}
[debug] [2022-11-29T04:15:17.733Z] >>> [apiv2][query] GET https://api.github.com/repos/user/Blood Donation /actions/secrets/public-key type=owner
[debug] [2022-11-29T04:15:18.562Z] <<< [apiv2][status] GET https://api.github.com/repos/user/Blood Donation /actions/secrets/public-key 404
[debug] [2022-11-29T04:15:18.562Z] <<< [apiv2][body] GET https://api.github.com/repos/user/Blood Donation /actions/secrets/public-key {"message":"Not Found","documentation_url":"https://docs.github.com/rest/reference/actions#get-a-repository-public-key"}
[debug] [2022-11-29T04:15:20.749Z] >>> [apiv2][query] GET https://api.github.com/repos/\user/Blood Donatio/actions/secrets/public-key type=owner
[debug] [2022-11-29T04:15:21.212Z] <<< [apiv2][status] GET https://api.github.com/repos/\user/Blood Donatio/actions/secrets/public-key 404
[debug] [2022-11-29T04:15:21.212Z] <<< [apiv2][body] GET https://api.github.com/repos/\user/Blood Donatio/actions/secrets/public-key {"message":"Not Found","documentation_url":"https://docs.github.com/rest"}
[debug] [2022-11-29T04:15:21.254Z] >>> [apiv2][query] GET https://api.github.com/repos/\user/Blood Donatio/actions/secrets/public-key type=owner
[debug] [2022-11-29T04:15:21.518Z] >>> [apiv2][query] GET https://api.github.com/repos//actions/secrets/public-key type=owner
[debug] [2022-11-29T04:15:21.835Z] <<< [apiv2][status] GET https://api.github.com/repos/\user/Blood Donatio/actions/secrets/public-key 404
[debug] [2022-11-29T04:15:21.835Z] <<< [apiv2][body] GET https://api.github.com/repos/\user/Blood Donatio/actions/secrets/public-key {"message":"Not Found","documentation_url":"https://docs.github.com/rest"}
[debug] [2022-11-29T04:15:21.932Z] <<< [apiv2][status] GET https://api.github.com/repos//actions/secrets/public-key 404
[debug] [2022-11-29T04:15:21.932Z] <<< [apiv2][body] GET https://api.github.com/repos//actions/secrets/public-key {"message":"Not Found","documentation_url":"https://docs.github.com/rest"}
[debug] [2022-11-29T04:15:45.377Z] >>> [apiv2][query] GET https://api.github.com/repos/clear    /actions/secrets/public-key type=owner
[debug] [2022-11-29T04:15:45.756Z] >>> [apiv2][query] GET https://api.github.com/repos//actions/secrets/public-key type=owner
[debug] [2022-11-29T04:15:45.900Z] <<< [apiv2][status] GET https://api.github.com/repos/clear    /actions/secrets/public-key 404
[debug] [2022-11-29T04:15:45.901Z] <<< [apiv2][body] GET https://api.github.com/repos/clear    /actions/secrets/public-key {"message":"Not Found","documentation_url":"https://docs.github.com/rest"}
[debug] [2022-11-29T04:15:45.951Z] >>> [apiv2][query] GET https://api.github.com/repos/clear    /actions/secrets/public-key type=owner
[debug] [2022-11-29T04:15:46.228Z] <<< [apiv2][status] GET https://api.github.com/repos//actions/secrets/public-key 404
[debug] [2022-11-29T04:15:46.228Z] <<< [apiv2][body] GET https://api.github.com/repos//actions/secrets/public-key {"message":"Not Found","documentation_url":"https://docs.github.com/rest"}
[debug] [2022-11-29T04:15:46.512Z] <<< [apiv2][status] GET https://api.github.com/repos/clear    /actions/secrets/public-key 404
[debug] [2022-11-29T04:15:46.513Z] <<< [apiv2][body] GET https://api.github.com/repos/clear    /actions/secrets/public-key {"message":"Not Found","documentation_url":"https://docs.github.com/rest"}
[debug] [2022-11-29T04:15:49.528Z] >>> [apiv2][query] GET https://api.github.com/repos//actions/secrets/public-key type=owner
[debug] [2022-11-29T04:15:49.996Z] >>> [apiv2][query] GET https://api.github.com/repos//actions/secrets/public-key type=owner
[debug] [2022-11-29T04:15:50.069Z] <<< [apiv2][status] GET https://api.github.com/repos//actions/secrets/public-key 404
[debug] [2022-11-29T04:15:50.069Z] <<< [apiv2][body] GET https://api.github.com/repos//actions/secrets/public-key {"message":"Not Found","documentation_url":"https://docs.github.com/rest"}
[debug] [2022-11-29T04:15:50.180Z] >>> [apiv2][query] GET https://api.github.com/repos//actions/secrets/public-key type=owner
[debug] [2022-11-29T04:15:50.337Z] >>> [apiv2][query] GET https://api.github.com/repos//actions/secrets/public-key type=owner
[debug] [2022-11-29T04:15:50.603Z] <<< [apiv2][status] GET https://api.github.com/repos//actions/secrets/public-key 404
[debug] [2022-11-29T04:15:50.603Z] <<< [apiv2][body] GET https://api.github.com/repos//actions/secrets/public-key {"message":"Not Found","documentation_url":"https://docs.github.com/rest"}
[debug] [2022-11-29T04:15:50.681Z] <<< [apiv2][status] GET https://api.github.com/repos//actions/secrets/public-key 404
[debug] [2022-11-29T04:15:50.681Z] <<< [apiv2][body] GET https://api.github.com/repos//actions/secrets/public-key {"message":"Not Found","documentation_url":"https://docs.github.com/rest"}
[debug] [2022-11-29T04:15:50.785Z] <<< [apiv2][status] GET https://api.github.com/repos//actions/secrets/public-key 404
[debug] [2022-11-29T04:15:50.785Z] <<< [apiv2][body] GET https://api.github.com/repos//actions/secrets/public-key {"message":"Not Found","documentation_url":"https://docs.github.com/rest"}
